Started GET "/" for ::1 at 2019-11-16 17:25:15 -0500
  [1m[35m (2.6ms)[0m  [1m[34mSELECT sqlite_version(*)[0m
Processing by Rails::WelcomeController#index as HTML
  Rendering /home/eric/.rbenv/versions/2.6.5/lib/ruby/gems/2.6.0/gems/railties-6.0.1/lib/rails/templates/rails/welcome/index.html.erb
  Rendered /home/eric/.rbenv/versions/2.6.5/lib/ruby/gems/2.6.0/gems/railties-6.0.1/lib/rails/templates/rails/welcome/index.html.erb (Duration: 9.5ms | Allocations: 480)
Completed 200 OK in 36ms (Views: 19.3ms | ActiveRecord: 0.0ms | Allocations: 3058)


Started GET "/" for ::1 at 2019-11-16 17:47:30 -0500
  [1m[35m (0.8ms)[0m  [1m[34mSELECT sqlite_version(*)[0m
Processing by HomepageController#index as HTML
  Rendering homepage/index.html.erb within layouts/application
  Rendered homepage/index.html.erb within layouts/application (Duration: 1.5ms | Allocations: 202)
[Webpacker] Compiling...
Started GET "/" for ::1 at 2019-11-16 17:47:34 -0500
  [1m[35m (0.1ms)[0m  [1m[34mSELECT sqlite_version(*)[0m
Processing by HomepageController#index as HTML
  Rendering homepage/index.html.erb within layouts/application
  Rendered homepage/index.html.erb within layouts/application (Duration: 0.2ms | Allocations: 5)
[Webpacker] Compiling...
[Webpacker] Compiled all packs in /media/eric/Portable Drive/Documents/Backup/hackathons/BostonHacks/PetQuest/PetQuest/public/packs
[Webpacker] Hash: 53154d7baad00c6a1252
Version: webpack 4.41.2
Time: 5786ms
Built at: 11/16/2019 5:47:42 PM
                                     Asset       Size       Chunks                         Chunk Names
    js/application-0b67a3cc2fcde6055024.js    124 KiB  application  [emitted] [immutable]  application
js/application-0b67a3cc2fcde6055024.js.map    139 KiB  application  [emitted] [dev]        application
                             manifest.json  364 bytes               [emitted]              
Entrypoint application = js/application-0b67a3cc2fcde6055024.js js/application-0b67a3cc2fcde6055024.js.map
[./app/javascript/channels sync recursive _channel\.js$] ./app/javascript/channels sync _channel\.js$ 160 bytes {application} [built]
[./app/javascript/channels/index.js] 211 bytes {application} [built]
[./app/javascript/packs/application.js] 749 bytes {application} [built]
[./node_modules/webpack/buildin/module.js] (webpack)/buildin/module.js 552 bytes {application} [built]
    + 3 hidden modules

Completed 200 OK in 12366ms (Views: 12359.3ms | ActiveRecord: 0.0ms | Allocations: 27016)


[Webpacker] Compiled all packs in /media/eric/Portable Drive/Documents/Backup/hackathons/BostonHacks/PetQuest/PetQuest/public/packs
[Webpacker] Hash: 53154d7baad00c6a1252
Version: webpack 4.41.2
Time: 4086ms
Built at: 11/16/2019 5:47:43 PM
                                     Asset       Size       Chunks                         Chunk Names
    js/application-0b67a3cc2fcde6055024.js    124 KiB  application  [emitted] [immutable]  application
js/application-0b67a3cc2fcde6055024.js.map    139 KiB  application  [emitted] [dev]        application
                             manifest.json  364 bytes               [emitted]              
Entrypoint application = js/application-0b67a3cc2fcde6055024.js js/application-0b67a3cc2fcde6055024.js.map
[./app/javascript/channels sync recursive _channel\.js$] ./app/javascript/channels sync _channel\.js$ 160 bytes {application} [built]
[./app/javascript/channels/index.js] 211 bytes {application} [built]
[./app/javascript/packs/application.js] 749 bytes {application} [built]
[./node_modules/webpack/buildin/module.js] (webpack)/buildin/module.js 552 bytes {application} [built]
    + 3 hidden modules

Completed 200 OK in 9314ms (Views: 9313.5ms | ActiveRecord: 0.0ms | Allocations: 8411)


Started GET "/" for ::1 at 2019-11-16 18:22:28 -0500
  [1m[35m (0.9ms)[0m  [1m[34mSELECT sqlite_version(*)[0m
Processing by HomepageController#index as HTML
  Rendering homepage/index.html.erb within layouts/application
  Rendered homepage/index.html.erb within layouts/application (Duration: 1.2ms | Allocations: 206)
[Webpacker] Everything's up-to-date. Nothing to do
Completed 200 OK in 77ms (Views: 68.3ms | ActiveRecord: 0.0ms | Allocations: 7944)


